<?xml version="1.0" encoding="UTF-8"?>
<testsuite xmlns:xsi="http://www.w3.org/2001/XMLSchema-instance" xsi:noNamespaceSchemaLocation="https://maven.apache.org/surefire/maven-surefire-plugin/xsd/surefire-test-report.xsd" version="3.0.2" name="com.bluetide.services.controller.UserControllerTest" time="1.413" tests="8" errors="0" skipped="0" failures="0">
  <properties>
[...]
</properties>
  <testcase name="updateNotFound" classname="com.bluetide.services.controller.UserControllerTest" time="0.063">
    <system-out><![CDATA[17:10:31.407 [main] INFO org.springframework.test.context.support.AnnotationConfigContextLoaderUtils -- Could not detect default configuration classes for test class [com.bluetide.services.controller.UserControllerTest]: UserControllerTest does not declare any static, non-private, non-final, nested classes annotated with @Configuration.
17:10:31.467 [main] INFO org.springframework.boot.test.context.SpringBootTestContextBootstrapper -- Found @SpringBootConfiguration com.bluetide.services.ServicesApplication for test class com.bluetide.services.controller.UserControllerTest
17:10:31.548 [main] INFO org.springframework.boot.devtools.restart.RestartApplicationListener -- Restart disabled due to context in which it is running

  .   ____          _            __ _ _
 /\\ / ___'_ __ _ _(_)_ __  __ _ \ \ \ \
( ( )\___ | '_ | '_| | '_ \/ _` | \ \ \ \
 \\/  ___)| |_)| | | | | || (_| |  ) ) ) )
  '  |____| .__|_| |_|_| |_\__, | / / / /
 =========|_|==============|___/=/_/_/_/

 :: Spring Boot ::                (v3.4.2)

2026-02-11T17:10:31.664-06:00  INFO 60216 --- [bluetide] [           main] c.b.s.controller.UserControllerTest      : Starting UserControllerTest using Java 21.0.10 with PID 60216 (started by isantospro in /Users/isantospro/dev/bluetide-back)
2026-02-11T17:10:31.664-06:00  INFO 60216 --- [bluetide] [           main] c.b.s.controller.UserControllerTest      : No active profile set, falling back to 1 default profile: "default"
2026-02-11T17:10:32.636-06:00  INFO 60216 --- [bluetide] [           main] o.s.b.t.m.w.SpringBootMockServletContext : Initializing Spring TestDispatcherServlet ''
2026-02-11T17:10:32.636-06:00  INFO 60216 --- [bluetide] [           main] o.s.t.web.servlet.TestDispatcherServlet  : Initializing Servlet ''
2026-02-11T17:10:32.637-06:00  INFO 60216 --- [bluetide] [           main] o.s.t.web.servlet.TestDispatcherServlet  : Completed initialization in 1 ms
2026-02-11T17:10:32.648-06:00  INFO 60216 --- [bluetide] [           main] c.b.s.controller.UserControllerTest      : Started UserControllerTest in 1.104 seconds (process running for 1.532)
]]></system-out>
    <system-err><![CDATA[Mockito is currently self-attaching to enable the inline-mock-maker. This will no longer work in future releases of the JDK. Please add Mockito as an agent to your build what is described in Mockito's documentation: https://javadoc.io/doc/org.mockito/mockito-core/latest/org/mockito/Mockito.html#0.3
WARNING: A Java agent has been loaded dynamically (/Users/isantospro/.m2/repository/net/bytebuddy/byte-buddy-agent/1.15.11/byte-buddy-agent-1.15.11.jar)
WARNING: If a serviceability tool is in use, please run with -XX:+EnableDynamicAgentLoading to hide this warning
WARNING: If a serviceability tool is not in use, please run with -Djdk.instrument.traceUsage for more information
WARNING: Dynamic loading of agents will be disallowed by default in a future release
]]></system-err>
  </testcase>
  <testcase name="getByIdFound" classname="com.bluetide.services.controller.UserControllerTest" time="0.01"/>
  <testcase name="getByIdNotFound" classname="com.bluetide.services.controller.UserControllerTest" time="0.002"/>
  <testcase name="create" classname="com.bluetide.services.controller.UserControllerTest" time="0.006"/>
  <testcase name="getAll" classname="com.bluetide.services.controller.UserControllerTest" time="0.008"/>
  <testcase name="deleteFound" classname="com.bluetide.services.controller.UserControllerTest" time="0.003"/>
  <testcase name="updateFound" classname="com.bluetide.services.controller.UserControllerTest" time="0.003"/>
  <testcase name="deleteNotFound" classname="com.bluetide.services.controller.UserControllerTest" time="0.002"/>
</testsuite>